Backup/android-flashchat-copy/app/build/intermediates/manifest_merge_blame_file/release/manifest-merger-blame-release-report.txt
1<?xml version="1.0" encoding="utf-8"?>
2<manifest xmlns:android="http://schemas.android.com/apk/res/android"
3    package="com.flashchat.app"
4    android:versionCode="2"
5    android:versionName="2.0.0" >
6
7    <uses-sdk
8        android:minSdkVersion="28"
9        android:targetSdkVersion="36" />
10
11    <uses-permission android:name="android.permission.INTERNET" />
11-->src\main\AndroidManifest.xml:5:5-67
11-->src\main\AndroidManifest.xml:5:22-64
12    <uses-permission android:name="android.permission.ACCESS_NETWORK_STATE" />
12-->src\main\AndroidManifest.xml:6:5-79
12-->src\main\AndroidManifest.xml:6:22-76
13
14    <permission
14-->[androidx.core:core:1.9.0] AndroidManifest.xml:22:5-24:47
15        android:name="com.flashchat.app.DYNAMIC_RECEIVER_NOT_EXPORTED_PERMISSION"
15-->[androidx.core:core:1.9.0] AndroidManifest.xml:23:9-81
16        android:protectionLevel="signature" />
16-->[androidx.core:core:1.9.0] AndroidManifest.xml:24:9-44
17
18    <uses-permission android:name="com.flashchat.app.DYNAMIC_RECEIVER_NOT_EXPORTED_PERMISSION" />
18-->[androidx.core:core:1.9.0] AndroidManifest.xml:26:5-97
18-->[androidx.core:core:1.9.0] AndroidManifest.xml:26:22-94
19
20    <application
20-->src\main\AndroidManifest.xml:8:5-34:19
21        android:name="com.flashchat.app.MainApplication"
21-->src\main\AndroidManifest.xml:9:7-38
22        android:allowBackup="false"
22-->src\main\AndroidManifest.xml:13:7-34
23        android:allowNativeHeapPointerTagging="false"
23-->src\main\AndroidManifest.xml:18:7-52
24        android:appComponentFactory="androidx.core.app.CoreComponentFactory"
24-->[androidx.core:core:1.9.0] AndroidManifest.xml:28:18-86
25        android:extractNativeLibs="false"
26        android:icon="@mipmap/ic_launcher"
26-->src\main\AndroidManifest.xml:11:7-41
27        android:label="@string/app_name"
27-->src\main\AndroidManifest.xml:10:7-39
28        android:largeHeap="true"
28-->src\main\AndroidManifest.xml:17:7-31
29        android:roundIcon="@mipmap/ic_launcher_round"
29-->src\main\AndroidManifest.xml:12:7-52
30        android:supportsRtl="true"
30-->src\main\AndroidManifest.xml:15:7-33
31        android:theme="@style/AppTheme"
31-->src\main\AndroidManifest.xml:14:7-38
32        android:usesCleartextTraffic="true" >
32-->src\main\AndroidManifest.xml:16:7-42
33        <activity
33-->src\main\AndroidManifest.xml:21:7-32:18
34            android:name="com.flashchat.app.MainActivity"
34-->src\main\AndroidManifest.xml:22:9-37
35            android:configChanges="keyboard|keyboardHidden|orientation|screenLayout|screenSize|smallestScreenSize|uiMode"
35-->src\main\AndroidManifest.xml:24:9-118
36            android:exported="true"
36-->src\main\AndroidManifest.xml:27:9-32
37            android:label="@string/app_name"
37-->src\main\AndroidManifest.xml:23:9-41
38            android:launchMode="singleTask"
38-->src\main\AndroidManifest.xml:25:9-40
39            android:windowSoftInputMode="adjustResize" >
39-->src\main\AndroidManifest.xml:26:9-51
40            <intent-filter>
40-->src\main\AndroidManifest.xml:28:9-31:25
41                <action android:name="android.intent.action.MAIN" />
41-->src\main\AndroidManifest.xml:29:13-65
41-->src\main\AndroidManifest.xml:29:21-62
42
43                <category android:name="android.intent.category.LAUNCHER" />
43-->src\main\AndroidManifest.xml:30:13-73
43-->src\main\AndroidManifest.xml:30:23-70
44            </intent-filter>
45        </activity>
46
47        <provider
47-->[androidx.emoji2:emoji2:1.2.0] AndroidManifest.xml:24:9-32:20
48            android:name="androidx.startup.InitializationProvider"
48-->[androidx.emoji2:emoji2:1.2.0] AndroidManifest.xml:25:13-67
49            android:authorities="com.flashchat.app.androidx-startup"
49-->[androidx.emoji2:emoji2:1.2.0] AndroidManifest.xml:26:13-68
50            android:exported="false" >
50-->[androidx.emoji2:emoji2:1.2.0] AndroidManifest.xml:27:13-37
51            <meta-data
51-->[androidx.emoji2:emoji2:1.2.0] AndroidManifest.xml:29:13-31:52
52                android:name="androidx.emoji2.text.EmojiCompatInitializer"
52-->[androidx.emoji2:emoji2:1.2.0] AndroidManifest.xml:30:17-75
53                android:value="androidx.startup" />
53-->[androidx.emoji2:emoji2:1.2.0] AndroidManifest.xml:31:17-49
54            <meta-data
54-->[androidx.lifecycle:lifecycle-process:2.4.1] AndroidManifest.xml:31:13-33:52
55                android:name="androidx.lifecycle.ProcessLifecycleInitializer"
55-->[androidx.lifecycle:lifecycle-process:2.4.1] AndroidManifest.xml:32:17-78
56                android:value="androidx.startup" />
56-->[androidx.lifecycle:lifecycle-process:2.4.1] AndroidManifest.xml:33:17-49
57        </provider>
58
59        <meta-data
59-->[com.facebook.soloader:soloader:0.10.5] AndroidManifest.xml:12:9-14:37
60            android:name="com.facebook.soloader.enabled"
60-->[com.facebook.soloader:soloader:0.10.5] AndroidManifest.xml:13:13-57
61            android:value="false" />
61-->[com.facebook.soloader:soloader:0.10.5] AndroidManifest.xml:14:13-34
62    </application>
63
64</manifest>